<?xml version="1.0" encoding="UTF-8"?>
<testng-results ignored="0" total="1" passed="1" failed="0" skipped="0">
  <reporter-output>
  </reporter-output>
  <suite started-at="2023-12-26T23:31:08 IST" name="Default suite" finished-at="2023-12-26T23:31:11 IST" duration-ms="3515">
    <groups>
      <group name="cucumber">
        <method signature="AbstractTestNGCucumberTests.runScenario(io.cucumber.testng.PickleWrapper, io.cucumber.testng.FeatureWrapper)[pri:0, instance:runners.productRunner@63a12c68]" name="runScenario" class="io.cucumber.testng.AbstractTestNGCucumberTests"/>
      </group> <!-- cucumber -->
    </groups>
    <test started-at="2023-12-26T23:31:08 IST" name="Default test" finished-at="2023-12-26T23:31:11 IST" duration-ms="3515">
      <class name="runners.productRunner">
        <test-method is-config="true" signature="setUpClass(org.testng.ITestContext)[pri:0, instance:runners.productRunner@63a12c68]" started-at="2023-12-26T23:31:08 IST" name="setUpClass" finished-at="2023-12-26T23:31:08 IST" duration-ms="161" status="PASS">
          <params>
            <param index="0">
              <value>
                <![CDATA[org.testng.TestRunner@2e4389ed]]>
              </value>
            </param>
          </params>
          <reporter-output>
          </reporter-output>
        </test-method> <!-- setUpClass -->
        <test-method signature="runScenario(io.cucumber.testng.PickleWrapper, io.cucumber.testng.FeatureWrapper)[pri:0, instance:runners.productRunner@63a12c68]" started-at="2023-12-26T23:31:08 IST" name="runScenario" description="Runs Cucumber Scenarios" data-provider="scenarios" finished-at="2023-12-26T23:31:11 IST" duration-ms="3326" status="PASS">
          <params>
            <param index="0">
              <value>
                <![CDATA["verify the get api for the products"]]>
              </value>
            </param>
            <param index="1">
              <value>
                <![CDATA["Get all the products"]]>
              </value>
            </param>
          </params>
          <reporter-output>
          </reporter-output>
        </test-method> <!-- runScenario -->
        <test-method is-config="true" signature="tearDownClass()[pri:0, instance:runners.productRunner@63a12c68]" started-at="2023-12-26T23:31:11 IST" name="tearDownClass" finished-at="2023-12-26T23:31:11 IST" duration-ms="3" status="PASS">
          <reporter-output>
          </reporter-output>
        </test-method> <!-- tearDownClass -->
      </class> <!-- runners.productRunner -->
    </test> <!-- Default test -->
  </suite> <!-- Default suite -->
</testng-results>
